<?xml version="1.0" encoding="UTF-8"?>
<testsuite name="app.VehicleStateTest" tests="3" skipped="0" failures="0" errors="0" timestamp="2025-05-24T17:14:47.597Z" hostname="Volibear" time="0.003">
  <properties/>
  <testcase name="testSpecificVehicleStats()" classname="app.VehicleStateTest" time="0.001"/>
  <testcase name="testAllVehiclesHaveStats()" classname="app.VehicleStateTest" time="0.001"/>
  <testcase name="testStatsInitialization()" classname="app.VehicleStateTest" time="0.0"/>
  <system-out><![CDATA[]]></system-out>
  <system-err><![CDATA[]]></system-err>
</testsuite>
