<?xml version="1.0" encoding="UTF-8"?>
<testsuite name="app.BulletTest" tests="7" skipped="0" failures="0" errors="0" timestamp="2025-05-24T17:14:47.522Z" hostname="Volibear" time="0.034">
  <properties/>
  <testcase name="testBulletAdjustment()" classname="app.BulletTest" time="0.023"/>
  <testcase name="testBulletConstructorAndGetters()" classname="app.BulletTest" time="0.003"/>
  <testcase name="testExtremeDirectionMovement()" classname="app.BulletTest" time="0.0"/>
  <testcase name="testBulletMovement()" classname="app.BulletTest" time="0.001"/>
  <testcase name="testNegativeCoordinateAdjustment()" classname="app.BulletTest" time="0.001"/>
  <testcase name="testDirectionWrap()" classname="app.BulletTest" time="0.001"/>
  <testcase name="testSetters()" classname="app.BulletTest" time="0.001"/>
  <system-out><![CDATA[]]></system-out>
  <system-err><![CDATA[]]></system-err>
</testsuite>
