<?xml version="1.0" encoding="UTF-8"?>
<testsuite name="app.TankTest" tests="4" skipped="0" failures="0" errors="0" timestamp="2025-05-24T17:14:47.563Z" hostname="Volibear" time="0.004">
  <properties/>
  <testcase name="testParameterizedConstructor()" classname="app.TankTest" time="0.001"/>
  <testcase name="testFluentSetters()" classname="app.TankTest" time="0.001"/>
  <testcase name="testPositionSetters()" classname="app.TankTest" time="0.001"/>
  <testcase name="testDefaultConstructor()" classname="app.TankTest" time="0.001"/>
  <system-out><![CDATA[]]></system-out>
  <system-err><![CDATA[]]></system-err>
</testsuite>
