<?xml version="1.0" encoding="UTF-8"?>
<testsuite name="app.BulletTest" tests="7" skipped="0" failures="0" errors="0" timestamp="2025-05-02T03:50:04.882Z" hostname="Volibear" time="0.042">
  <properties/>
  <testcase name="testBulletAdjustment()" classname="app.BulletTest" time="0.029"/>
  <testcase name="testBulletConstructorAndGetters()" classname="app.BulletTest" time="0.005"/>
  <testcase name="testExtremeDirectionMovement()" classname="app.BulletTest" time="0.0"/>
  <testcase name="testBulletMovement()" classname="app.BulletTest" time="0.0"/>
  <testcase name="testNegativeCoordinateAdjustment()" classname="app.BulletTest" time="0.0"/>
  <testcase name="testDirectionWrap()" classname="app.BulletTest" time="0.0"/>
  <testcase name="testSetters()" classname="app.BulletTest" time="0.001"/>
  <system-out><![CDATA[]]></system-out>
  <system-err><![CDATA[]]></system-err>
</testsuite>
